<?xml version="1.0" encoding="UTF-8"?>
<!-- Generated by org.testng.reporters.JUnitReportReporter -->
<testsuite hostname="DESKTOP-26C0NPL" failures="0" tests="1" name="org.scriptsRunner.Cubiin.MavenExampleScript" time="3.118" errors="0" timestamp="2024-12-14T12:05:02 IST" skipped="0">
  <testcase classname="org.scriptsRunner.Cubiin.MavenExampleScript" name="launch" time="3.118"/>
</testsuite> <!-- org.scriptsRunner.Cubiin.MavenExampleScript -->
